<?xml version="1.0" encoding="UTF-8"?>
<!-- Generated by org.testng.reporters.JUnitReportReporter -->
<testsuite skipped="0" hostname="DESKTOP-IAICU2N" name="com.Amazon.tests.TestLaptopDetailsPage" tests="2" failures="0" timestamp="2020-03-20T22:26:18 IST" time="32.648" errors="0">
  <testcase name="testLaptopDetails" time="27.249" classname="com.Amazon.tests.TestLaptopDetailsPage"/>
  <system-out/>
  <testcase name="testCart" time="5.399" classname="com.Amazon.tests.TestLaptopDetailsPage"/>
  <system-out/>
</testsuite> <!-- com.Amazon.tests.TestLaptopDetailsPage -->
