<?xml version="1.0" encoding="UTF-8"?>
<!-- Generated by org.testng.reporters.JUnitReportReporter -->
<testsuite skipped="0" hostname="DESKTOP-IAICU2N" name="com.Amazon.tests.TestLaptopDetailsPage" tests="1" failures="0" timestamp="2020-02-29T20:25:34 IST" time="30.427" errors="0">
  <testcase name="testLaptopDetails" time="30.427" classname="com.Amazon.tests.TestLaptopDetailsPage"/>
  <system-out/>
</testsuite> <!-- com.Amazon.tests.TestLaptopDetailsPage -->
