<?xml version="1.0" encoding="UTF-8"?>
<!-- Generated by org.testng.reporters.JUnitReportReporter -->
<testsuite skipped="0" hostname="DESKTOP-IAICU2N" name="com.Amazon.tests.TestLaptopDetailsPage" tests="2" failures="0" timestamp="2020-03-01T15:49:05 IST" time="23.389" errors="0">
  <testcase name="testLaptopDetails" time="17.846" classname="com.Amazon.tests.TestLaptopDetailsPage"/>
  <system-out/>
  <testcase name="testCart" time="5.543" classname="com.Amazon.tests.TestLaptopDetailsPage"/>
  <system-out/>
</testsuite> <!-- com.Amazon.tests.TestLaptopDetailsPage -->
