<?xml version="1.0" encoding="UTF-8"?>
<!-- Generated by org.testng.reporters.JUnitReportReporter -->
<testsuite skipped="0" hostname="DESKTOP-IAICU2N" name="com.Amazon.tests.TestLaptopDetailsPage" tests="1" failures="0" timestamp="2020-07-12T17:25:12 IST" time="40.771" errors="0">
  <testcase name="testLaptopDetails" time="40.771" classname="com.Amazon.tests.TestLaptopDetailsPage"/>
  <system-out/>
</testsuite> <!-- com.Amazon.tests.TestLaptopDetailsPage -->
