<?xml version="1.0" encoding="UTF-8"?>
<!-- Generated by org.testng.reporters.JUnitReportReporter -->
<testsuite skipped="0" hostname="DESKTOP-IAICU2N" name="com.Amazon.tests.TestLaptopDetailsPage" tests="2" failures="0" timestamp="2020-03-21T11:02:16 IST" time="46.184" errors="0">
  <testcase name="testCart" time="3.552" classname="com.Amazon.tests.TestLaptopDetailsPage"/>
  <system-out/>
  <testcase name="testLaptopDetails" time="42.632" classname="com.Amazon.tests.TestLaptopDetailsPage"/>
  <system-out/>
</testsuite> <!-- com.Amazon.tests.TestLaptopDetailsPage -->
